<?xml version="1.0" encoding="UTF-8"?>
<!-- Generated by org.testng.reporters.JUnitReportReporter -->
<testsuite name="com.testing.tests.verifylogin" tests="1" time="20.077" ignored="0" failures="0" timestamp="13 Apr 2020 09:16:19 GMT" skipped="0" hostname="IN5CG6126GXQ" errors="0">
  <testcase name="checkvaliduser" time="20.077" classname="com.testing.tests.verifylogin"/>
</testsuite> <!-- com.testing.tests.verifylogin -->
